<?xml version="1.0" encoding="UTF-8"?>
<coverage generated="1621827085002" clover="3.2.0">
  <project timestamp="1621827085002" name="All files">
    <metrics statements="43" coveredstatements="41" conditionals="6" coveredconditionals="6" methods="23" coveredmethods="22" elements="72" coveredelements="69" complexity="0" loc="43" ncloc="43" packages="1" files="6" classes="6"/>
    <file name="App.js" path="/Users/tanimaraes/Documents/Projects/career-foundry/41-test-driven-dev/meet-app/meet/src/App.js">
      <metrics statements="12" coveredstatements="12" conditionals="4" coveredconditionals="4" methods="7" coveredmethods="7"/>
      <line num="9" count="5" type="stmt"/>
      <line num="14" count="5" type="stmt"/>
      <line num="15" count="2" type="stmt"/>
      <line num="17" count="2" type="cond" truecount="2" falsecount="0"/>
      <line num="19" count="2" type="stmt"/>
      <line num="20" count="2" type="stmt"/>
      <line num="27" count="5" type="stmt"/>
      <line num="28" count="5" type="stmt"/>
      <line num="29" count="5" type="cond" truecount="2" falsecount="0"/>
      <line num="30" count="3" type="stmt"/>
      <line num="35" count="4" type="stmt"/>
      <line num="39" count="10" type="stmt"/>
    </file>
    <file name="CitySearch.js" path="/Users/tanimaraes/Documents/Projects/career-foundry/41-test-driven-dev/meet-app/meet/src/CitySearch.js">
      <metrics statements="15" coveredstatements="15" conditionals="2" coveredconditionals="2" methods="9" coveredmethods="9"/>
      <line num="5" count="5" type="stmt"/>
      <line num="7" count="5" type="stmt"/>
      <line num="14" count="5" type="stmt"/>
      <line num="15" count="2" type="stmt"/>
      <line num="16" count="2" type="stmt"/>
      <line num="17" count="4" type="stmt"/>
      <line num="19" count="2" type="stmt"/>
      <line num="22" count="5" type="stmt"/>
      <line num="23" count="4" type="stmt"/>
      <line num="27" count="4" type="stmt"/>
      <line num="31" count="24" type="stmt"/>
      <line num="39" count="2" type="stmt"/>
      <line num="47" count="21" type="stmt"/>
      <line num="49" count="2" type="stmt"/>
      <line num="54" count="1" type="stmt"/>
    </file>
    <file name="EventList.js" path="/Users/tanimaraes/Documents/Projects/career-foundry/41-test-driven-dev/meet-app/meet/src/EventList.js">
      <metrics statements="3" coveredstatements="3" conditionals="0" coveredconditionals="0" methods="2" coveredmethods="2"/>
      <line num="6" count="8" type="stmt"/>
      <line num="7" count="8" type="stmt"/>
      <line num="10" count="7" type="stmt"/>
    </file>
    <file name="NumberOfEvents.js" path="/Users/tanimaraes/Documents/Projects/career-foundry/41-test-driven-dev/meet-app/meet/src/NumberOfEvents.js">
      <metrics statements="5" coveredstatements="3" conditionals="0" coveredconditionals="0" methods="2" coveredmethods="1"/>
      <line num="4" count="4" type="stmt"/>
      <line num="8" count="4" type="stmt"/>
      <line num="9" count="0" type="stmt"/>
      <line num="10" count="0" type="stmt"/>
      <line num="16" count="8" type="stmt"/>
    </file>
    <file name="api.js" path="/Users/tanimaraes/Documents/Projects/career-foundry/41-test-driven-dev/meet-app/meet/src/api.js">
      <metrics statements="6" coveredstatements="6" conditionals="0" coveredconditionals="0" methods="3" coveredmethods="3"/>
      <line num="11" count="2" type="stmt"/>
      <line num="12" count="12" type="stmt"/>
      <line num="13" count="6" type="stmt"/>
      <line num="14" count="6" type="stmt"/>
      <line num="17" count="2" type="stmt"/>
      <line num="18" count="9" type="stmt"/>
    </file>
    <file name="mock-data.js" path="/Users/tanimaraes/Documents/Projects/career-foundry/41-test-driven-dev/meet-app/meet/src/mock-data.js">
      <metrics statements="2" coveredstatements="2" conditionals="0" coveredconditionals="0" methods="0" coveredmethods="0"/>
      <line num="1" count="2" type="stmt"/>
      <line num="85" count="2" type="stmt"/>
    </file>
  </project>
</coverage>
