<?xml version="1.0" encoding="UTF-8"?>
<coverage generated="1622028394740" clover="3.2.0">
  <project timestamp="1622028394740" name="All files">
    <metrics statements="124" coveredstatements="76" conditionals="42" coveredconditionals="17" methods="44" coveredmethods="32" elements="210" coveredelements="125" complexity="0" loc="124" ncloc="124" packages="1" files="8" classes="8"/>
    <file name="Alert.js" path="/Users/tanimaraes/Documents/Projects/career-foundry/41-test-driven-dev/meet-app/meet/src/Alert.js">
      <metrics statements="11" coveredstatements="7" conditionals="0" coveredconditionals="0" methods="6" coveredmethods="4"/>
      <line num="5" count="6" type="stmt"/>
      <line num="6" count="6" type="stmt"/>
      <line num="9" count="6" type="stmt"/>
      <line num="10" count="13" type="stmt"/>
      <line num="16" count="13" type="stmt"/>
      <line num="26" count="0" type="stmt"/>
      <line num="27" count="0" type="stmt"/>
      <line num="33" count="6" type="stmt"/>
      <line num="34" count="6" type="stmt"/>
      <line num="40" count="0" type="stmt"/>
      <line num="41" count="0" type="stmt"/>
    </file>
    <file name="App.js" path="/Users/tanimaraes/Documents/Projects/career-foundry/41-test-driven-dev/meet-app/meet/src/App.js">
      <metrics statements="20" coveredstatements="15" conditionals="8" coveredconditionals="5" methods="9" coveredmethods="7"/>
      <line num="10" count="7" type="stmt"/>
      <line num="17" count="7" type="stmt"/>
      <line num="18" count="2" type="stmt"/>
      <line num="19" count="2" type="cond" truecount="1" falsecount="1"/>
      <line num="20" count="2" type="stmt"/>
      <line num="22" count="2" type="cond" truecount="2" falsecount="0"/>
      <line num="24" count="2" type="stmt"/>
      <line num="25" count="2" type="stmt"/>
      <line num="26" count="2" type="stmt"/>
      <line num="32" count="0" type="stmt"/>
      <line num="34" count="0" type="cond" truecount="0" falsecount="2"/>
      <line num="36" count="0" type="stmt"/>
      <line num="37" count="0" type="stmt"/>
      <line num="38" count="0" type="stmt"/>
      <line num="47" count="7" type="stmt"/>
      <line num="48" count="7" type="stmt"/>
      <line num="49" count="7" type="cond" truecount="2" falsecount="0"/>
      <line num="50" count="3" type="stmt"/>
      <line num="55" count="6" type="stmt"/>
      <line num="59" count="13" type="stmt"/>
    </file>
    <file name="CitySearch.js" path="/Users/tanimaraes/Documents/Projects/career-foundry/41-test-driven-dev/meet-app/meet/src/CitySearch.js">
      <metrics statements="15" coveredstatements="15" conditionals="2" coveredconditionals="2" methods="9" coveredmethods="9"/>
      <line num="5" count="7" type="stmt"/>
      <line num="7" count="7" type="stmt"/>
      <line num="14" count="7" type="stmt"/>
      <line num="15" count="2" type="stmt"/>
      <line num="16" count="2" type="stmt"/>
      <line num="17" count="4" type="stmt"/>
      <line num="19" count="2" type="stmt"/>
      <line num="22" count="7" type="stmt"/>
      <line num="23" count="4" type="stmt"/>
      <line num="27" count="4" type="stmt"/>
      <line num="31" count="27" type="stmt"/>
      <line num="39" count="2" type="stmt"/>
      <line num="47" count="21" type="stmt"/>
      <line num="49" count="2" type="stmt"/>
      <line num="54" count="1" type="stmt"/>
    </file>
    <file name="Event.js" path="/Users/tanimaraes/Documents/Projects/career-foundry/41-test-driven-dev/meet-app/meet/src/Event.js">
      <metrics statements="8" coveredstatements="8" conditionals="6" coveredconditionals="6" methods="3" coveredmethods="3"/>
      <line num="4" count="5" type="stmt"/>
      <line num="9" count="5" type="stmt"/>
      <line num="10" count="2" type="cond" truecount="2" falsecount="0"/>
      <line num="11" count="1" type="stmt"/>
      <line num="13" count="1" type="stmt"/>
      <line num="18" count="12" type="stmt"/>
      <line num="20" count="12" type="stmt"/>
      <line num="38" count="2" type="stmt"/>
    </file>
    <file name="EventList.js" path="/Users/tanimaraes/Documents/Projects/career-foundry/41-test-driven-dev/meet-app/meet/src/EventList.js">
      <metrics statements="3" coveredstatements="3" conditionals="0" coveredconditionals="0" methods="2" coveredmethods="2"/>
      <line num="6" count="12" type="stmt"/>
      <line num="7" count="12" type="stmt"/>
      <line num="10" count="9" type="stmt"/>
    </file>
    <file name="NumberOfEvents.js" path="/Users/tanimaraes/Documents/Projects/career-foundry/41-test-driven-dev/meet-app/meet/src/NumberOfEvents.js">
      <metrics statements="10" coveredstatements="9" conditionals="4" coveredconditionals="3" methods="2" coveredmethods="2"/>
      <line num="5" count="7" type="stmt"/>
      <line num="9" count="7" type="stmt"/>
      <line num="10" count="2" type="stmt"/>
      <line num="11" count="2" type="stmt"/>
      <line num="12" count="2" type="stmt"/>
      <line num="15" count="2" type="cond" truecount="3" falsecount="1"/>
      <line num="16" count="0" type="stmt"/>
      <line num="20" count="2" type="stmt"/>
      <line num="27" count="17" type="stmt"/>
      <line num="28" count="17" type="stmt"/>
    </file>
    <file name="api.js" path="/Users/tanimaraes/Documents/Projects/career-foundry/41-test-driven-dev/meet-app/meet/src/api.js">
      <metrics statements="55" coveredstatements="17" conditionals="22" coveredconditionals="1" methods="13" coveredmethods="5"/>
      <line num="13" count="3" type="stmt"/>
      <line num="14" count="12" type="stmt"/>
      <line num="15" count="6" type="stmt"/>
      <line num="16" count="6" type="stmt"/>
      <line num="19" count="3" type="stmt"/>
      <line num="20" count="2" type="stmt"/>
      <line num="21" count="1" type="stmt"/>
      <line num="22" count="1" type="stmt"/>
      <line num="25" count="3" type="stmt"/>
      <line num="26" count="0" type="stmt"/>
      <line num="29" count="0" type="stmt"/>
      <line num="30" count="0" type="stmt"/>
      <line num="32" count="0" type="stmt"/>
      <line num="35" count="3" type="stmt"/>
      <line num="36" count="11" type="stmt"/>
      <line num="38" count="11" type="cond" truecount="1" falsecount="1"/>
      <line num="39" count="11" type="stmt"/>
      <line num="40" count="11" type="stmt"/>
      <line num="43" count="0" type="stmt"/>
      <line num="45" count="0" type="cond" truecount="0" falsecount="2"/>
      <line num="46" count="0" type="stmt"/>
      <line num="48" count="0" type="stmt"/>
      <line num="51" count="0" type="stmt"/>
      <line num="52" count="0" type="cond" truecount="0" falsecount="2"/>
      <line num="53" count="0" type="stmt"/>
      <line num="54" count="0" type="stmt"/>
      <line num="55" count="0" type="stmt"/>
      <line num="57" count="0" type="stmt"/>
      <line num="58" count="0" type="stmt"/>
      <line num="62" count="3" type="stmt"/>
      <line num="63" count="0" type="stmt"/>
      <line num="64" count="0" type="cond" truecount="0" falsecount="2"/>
      <line num="66" count="0" type="cond" truecount="0" falsecount="4"/>
      <line num="67" count="0" type="stmt"/>
      <line num="68" count="0" type="stmt"/>
      <line num="69" count="0" type="stmt"/>
      <line num="70" count="0" type="cond" truecount="0" falsecount="2"/>
      <line num="71" count="0" type="stmt"/>
      <line num="74" count="0" type="stmt"/>
      <line num="75" count="0" type="stmt"/>
      <line num="77" count="0" type="cond" truecount="0" falsecount="2"/>
      <line num="79" count="0" type="stmt"/>
      <line num="82" count="3" type="stmt"/>
      <line num="83" count="0" type="cond" truecount="0" falsecount="4"/>
      <line num="85" count="0" type="stmt"/>
      <line num="89" count="0" type="stmt"/>
      <line num="91" count="0" type="stmt"/>
      <line num="92" count="0" type="stmt"/>
      <line num="96" count="3" type="stmt"/>
      <line num="97" count="0" type="stmt"/>
      <line num="98" count="0" type="stmt"/>
      <line num="104" count="0" type="stmt"/>
      <line num="106" count="0" type="stmt"/>
      <line num="108" count="0" type="cond" truecount="0" falsecount="2"/>
      <line num="110" count="0" type="stmt"/>
    </file>
    <file name="mock-data.js" path="/Users/tanimaraes/Documents/Projects/career-foundry/41-test-driven-dev/meet-app/meet/src/mock-data.js">
      <metrics statements="2" coveredstatements="2" conditionals="0" coveredconditionals="0" methods="0" coveredmethods="0"/>
      <line num="1" count="4" type="stmt"/>
      <line num="85" count="4" type="stmt"/>
    </file>
  </project>
</coverage>
