{"/Users/tanimaraes/Documents/Projects/career-foundry/41-test-driven-dev/meet-app/meet/src/App.js": {"path":"/Users/tanimaraes/Documents/Projects/career-foundry/41-test-driven-dev/meet-app/meet/src/App.js","statementMap":{"0":{"start":{"line":9,"column":9},"end":{"line":12,"column":2}},"1":{"start":{"line":14,"column":16},"end":{"line":24,"column":2}},"2":{"start":{"line":15,"column":2},"end":{"line":23,"column":5}},"3":{"start":{"line":17,"column":4},"end":{"line":19,"column":60}},"4":{"start":{"line":19,"column":32},"end":{"line":19,"column":59}},"5":{"start":{"line":20,"column":3},"end":{"line":22,"column":6}},"6":{"start":{"line":27,"column":2},"end":{"line":27,"column":22}},"7":{"start":{"line":28,"column":2},"end":{"line":32,"column":5}},"8":{"start":{"line":29,"column":3},"end":{"line":31,"column":4}},"9":{"start":{"line":30,"column":4},"end":{"line":30,"column":67}},"10":{"start":{"line":35,"column":2},"end":{"line":35,"column":23}},"11":{"start":{"line":39,"column":2},"end":{"line":48,"column":4}}},"fnMap":{"0":{"name":"(anonymous_0)","decl":{"start":{"line":14,"column":16},"end":{"line":14,"column":17}},"loc":{"start":{"line":14,"column":30},"end":{"line":24,"column":2}},"line":14},"1":{"name":"(anonymous_1)","decl":{"start":{"line":15,"column":19},"end":{"line":15,"column":20}},"loc":{"start":{"line":15,"column":31},"end":{"line":23,"column":3}},"line":15},"2":{"name":"(anonymous_2)","decl":{"start":{"line":19,"column":21},"end":{"line":19,"column":22}},"loc":{"start":{"line":19,"column":32},"end":{"line":19,"column":59}},"line":19},"3":{"name":"(anonymous_3)","decl":{"start":{"line":26,"column":1},"end":{"line":26,"column":2}},"loc":{"start":{"line":26,"column":21},"end":{"line":33,"column":2}},"line":26},"4":{"name":"(anonymous_4)","decl":{"start":{"line":28,"column":19},"end":{"line":28,"column":20}},"loc":{"start":{"line":28,"column":31},"end":{"line":32,"column":3}},"line":28},"5":{"name":"(anonymous_5)","decl":{"start":{"line":34,"column":1},"end":{"line":34,"column":2}},"loc":{"start":{"line":34,"column":24},"end":{"line":36,"column":2}},"line":34},"6":{"name":"(anonymous_6)","decl":{"start":{"line":38,"column":1},"end":{"line":38,"column":2}},"loc":{"start":{"line":38,"column":10},"end":{"line":49,"column":2}},"line":38}},"branchMap":{"0":{"loc":{"start":{"line":17,"column":4},"end":{"line":19,"column":60}},"type":"cond-expr","locations":[{"start":{"line":18,"column":7},"end":{"line":18,"column":13}},{"start":{"line":19,"column":7},"end":{"line":19,"column":60}}],"line":17},"1":{"loc":{"start":{"line":29,"column":3},"end":{"line":31,"column":4}},"type":"if","locations":[{"start":{"line":29,"column":3},"end":{"line":31,"column":4}},{"start":{"line":29,"column":3},"end":{"line":31,"column":4}}],"line":29}},"s":{"0":5,"1":5,"2":2,"3":2,"4":2,"5":2,"6":5,"7":5,"8":5,"9":3,"10":4,"11":10},"f":{"0":2,"1":2,"2":2,"3":5,"4":5,"5":4,"6":10},"b":{"0":[1,1],"1":[3,2]},"_coverageSchema":"1a1c01bbd47fc00a2c39e90264f33305004495a9","hash":"b02213b2c48df2d2e8d8bb9166f34e9cfba21ac8"}
,"/Users/tanimaraes/Documents/Projects/career-foundry/41-test-driven-dev/meet-app/meet/src/CitySearch.js": {"path":"/Users/tanimaraes/Documents/Projects/career-foundry/41-test-driven-dev/meet-app/meet/src/CitySearch.js","statementMap":{"0":{"start":{"line":5,"column":2},"end":{"line":5,"column":10}},"1":{"start":{"line":7,"column":2},"end":{"line":11,"column":4}},"2":{"start":{"line":14,"column":22},"end":{"line":20,"column":2}},"3":{"start":{"line":15,"column":16},"end":{"line":15,"column":34}},"4":{"start":{"line":16,"column":22},"end":{"line":18,"column":4}},"5":{"start":{"line":17,"column":3},"end":{"line":17,"column":67}},"6":{"start":{"line":19,"column":2},"end":{"line":19,"column":47}},"7":{"start":{"line":22,"column":21},"end":{"line":28,"column":2}},"8":{"start":{"line":23,"column":2},"end":{"line":26,"column":5}},"9":{"start":{"line":27,"column":2},"end":{"line":27,"column":38}},"10":{"start":{"line":31,"column":2},"end":{"line":59,"column":4}},"11":{"start":{"line":39,"column":6},"end":{"line":39,"column":47}},"12":{"start":{"line":47,"column":6},"end":{"line":52,"column":11}},"13":{"start":{"line":49,"column":22},"end":{"line":49,"column":56}},"14":{"start":{"line":54,"column":24},"end":{"line":54,"column":53}}},"fnMap":{"0":{"name":"(anonymous_0)","decl":{"start":{"line":4,"column":1},"end":{"line":4,"column":2}},"loc":{"start":{"line":4,"column":15},"end":{"line":12,"column":2}},"line":4},"1":{"name":"(anonymous_1)","decl":{"start":{"line":14,"column":22},"end":{"line":14,"column":23}},"loc":{"start":{"line":14,"column":33},"end":{"line":20,"column":2}},"line":14},"2":{"name":"(anonymous_2)","decl":{"start":{"line":16,"column":50},"end":{"line":16,"column":51}},"loc":{"start":{"line":16,"column":64},"end":{"line":18,"column":3}},"line":16},"3":{"name":"(anonymous_3)","decl":{"start":{"line":22,"column":21},"end":{"line":22,"column":22}},"loc":{"start":{"line":22,"column":37},"end":{"line":28,"column":2}},"line":22},"4":{"name":"(anonymous_4)","decl":{"start":{"line":30,"column":1},"end":{"line":30,"column":2}},"loc":{"start":{"line":30,"column":10},"end":{"line":60,"column":2}},"line":30},"5":{"name":"(anonymous_5)","decl":{"start":{"line":38,"column":14},"end":{"line":38,"column":15}},"loc":{"start":{"line":38,"column":20},"end":{"line":40,"column":6}},"line":38},"6":{"name":"(anonymous_6)","decl":{"start":{"line":46,"column":33},"end":{"line":46,"column":34}},"loc":{"start":{"line":47,"column":6},"end":{"line":52,"column":11}},"line":47},"7":{"name":"(anonymous_7)","decl":{"start":{"line":49,"column":16},"end":{"line":49,"column":17}},"loc":{"start":{"line":49,"column":22},"end":{"line":49,"column":56}},"line":49},"8":{"name":"(anonymous_8)","decl":{"start":{"line":54,"column":18},"end":{"line":54,"column":19}},"loc":{"start":{"line":54,"column":24},"end":{"line":54,"column":53}},"line":54}},"branchMap":{"0":{"loc":{"start":{"line":44,"column":12},"end":{"line":44,"column":65}},"type":"cond-expr","locations":[{"start":{"line":44,"column":41},"end":{"line":44,"column":43}},{"start":{"line":44,"column":46},"end":{"line":44,"column":65}}],"line":44}},"s":{"0":5,"1":5,"2":5,"3":2,"4":2,"5":4,"6":2,"7":5,"8":4,"9":4,"10":24,"11":2,"12":21,"13":2,"14":1},"f":{"0":5,"1":2,"2":4,"3":4,"4":24,"5":2,"6":21,"7":2,"8":1},"b":{"0":[2,22]},"_coverageSchema":"1a1c01bbd47fc00a2c39e90264f33305004495a9","hash":"d584e0552d9c2cfed7b9e2c2b509b4c5a412e80d"}
,"/Users/tanimaraes/Documents/Projects/career-foundry/41-test-driven-dev/meet-app/meet/src/EventList.js": {"path":"/Users/tanimaraes/Documents/Projects/career-foundry/41-test-driven-dev/meet-app/meet/src/EventList.js","statementMap":{"0":{"start":{"line":6,"column":21},"end":{"line":6,"column":31}},"1":{"start":{"line":7,"column":2},"end":{"line":15,"column":4}},"2":{"start":{"line":10,"column":5},"end":{"line":12,"column":10}}},"fnMap":{"0":{"name":"(anonymous_0)","decl":{"start":{"line":5,"column":1},"end":{"line":5,"column":2}},"loc":{"start":{"line":5,"column":10},"end":{"line":16,"column":2}},"line":5},"1":{"name":"(anonymous_1)","decl":{"start":{"line":9,"column":16},"end":{"line":9,"column":17}},"loc":{"start":{"line":10,"column":5},"end":{"line":12,"column":10}},"line":10}},"branchMap":{},"s":{"0":8,"1":8,"2":7},"f":{"0":8,"1":7},"b":{},"_coverageSchema":"1a1c01bbd47fc00a2c39e90264f33305004495a9","hash":"95f7498a08f8ec7765801026440162e927f434f5"}
,"/Users/tanimaraes/Documents/Projects/career-foundry/41-test-driven-dev/meet-app/meet/src/NumberOfEvents.js": {"path":"/Users/tanimaraes/Documents/Projects/career-foundry/41-test-driven-dev/meet-app/meet/src/NumberOfEvents.js","statementMap":{"0":{"start":{"line":4,"column":9},"end":{"line":6,"column":2}},"1":{"start":{"line":8,"column":21},"end":{"line":13,"column":2}},"2":{"start":{"line":9,"column":21},"end":{"line":9,"column":39}},"3":{"start":{"line":10,"column":2},"end":{"line":12,"column":5}},"4":{"start":{"line":16,"column":2},"end":{"line":28,"column":4}}},"fnMap":{"0":{"name":"(anonymous_0)","decl":{"start":{"line":8,"column":21},"end":{"line":8,"column":22}},"loc":{"start":{"line":8,"column":32},"end":{"line":13,"column":2}},"line":8},"1":{"name":"(anonymous_1)","decl":{"start":{"line":15,"column":1},"end":{"line":15,"column":2}},"loc":{"start":{"line":15,"column":10},"end":{"line":29,"column":2}},"line":15}},"branchMap":{},"s":{"0":4,"1":4,"2":0,"3":0,"4":8},"f":{"0":0,"1":8},"b":{},"_coverageSchema":"1a1c01bbd47fc00a2c39e90264f33305004495a9","hash":"80f8b3e9162dd00888d9a8f56ea994b1cca76eac"}
,"/Users/tanimaraes/Documents/Projects/career-foundry/41-test-driven-dev/meet-app/meet/src/api.js": {"path":"/Users/tanimaraes/Documents/Projects/career-foundry/41-test-driven-dev/meet-app/meet/src/api.js","statementMap":{"0":{"start":{"line":11,"column":32},"end":{"line":15,"column":1}},"1":{"start":{"line":12,"column":24},"end":{"line":12,"column":61}},"2":{"start":{"line":12,"column":46},"end":{"line":12,"column":60}},"3":{"start":{"line":13,"column":17},"end":{"line":13,"column":47}},"4":{"start":{"line":14,"column":1},"end":{"line":14,"column":18}},"5":{"start":{"line":17,"column":25},"end":{"line":19,"column":1}},"6":{"start":{"line":18,"column":1},"end":{"line":18,"column":17}}},"fnMap":{"0":{"name":"(anonymous_0)","decl":{"start":{"line":11,"column":32},"end":{"line":11,"column":33}},"loc":{"start":{"line":11,"column":44},"end":{"line":15,"column":1}},"line":11},"1":{"name":"(anonymous_1)","decl":{"start":{"line":12,"column":35},"end":{"line":12,"column":36}},"loc":{"start":{"line":12,"column":46},"end":{"line":12,"column":60}},"line":12},"2":{"name":"(anonymous_2)","decl":{"start":{"line":17,"column":25},"end":{"line":17,"column":26}},"loc":{"start":{"line":17,"column":37},"end":{"line":19,"column":1}},"line":17}},"branchMap":{},"s":{"0":2,"1":6,"2":12,"3":6,"4":6,"5":2,"6":9},"f":{"0":6,"1":12,"2":9},"b":{},"_coverageSchema":"1a1c01bbd47fc00a2c39e90264f33305004495a9","hash":"9c2cd24d681f30412810e36531c8140fc9fcdeea"}
,"/Users/tanimaraes/Documents/Projects/career-foundry/41-test-driven-dev/meet-app/meet/src/mock-data.js": {"path":"/Users/tanimaraes/Documents/Projects/career-foundry/41-test-driven-dev/meet-app/meet/src/mock-data.js","statementMap":{"0":{"start":{"line":1,"column":17},"end":{"line":84,"column":1}},"1":{"start":{"line":85,"column":18},"end":{"line":168,"column":1}}},"fnMap":{},"branchMap":{},"s":{"0":2,"1":2},"f":{},"b":{},"_coverageSchema":"1a1c01bbd47fc00a2c39e90264f33305004495a9","hash":"d139c9e26dcbb33338a65b5b0507b21911101641"}
}
