{"/Users/tanimaraes/Documents/Projects/career-foundry/41-test-driven-dev/meet-app/meet/src/Alert.js": {"path":"/Users/tanimaraes/Documents/Projects/career-foundry/41-test-driven-dev/meet-app/meet/src/Alert.js","statementMap":{"0":{"start":{"line":5,"column":2},"end":{"line":5,"column":15}},"1":{"start":{"line":6,"column":2},"end":{"line":6,"column":20}},"2":{"start":{"line":9,"column":12},"end":{"line":13,"column":2}},"3":{"start":{"line":10,"column":2},"end":{"line":12,"column":4}},"4":{"start":{"line":16,"column":2},"end":{"line":20,"column":4}},"5":{"start":{"line":26,"column":2},"end":{"line":26,"column":15}},"6":{"start":{"line":27,"column":2},"end":{"line":27,"column":23}},"7":{"start":{"line":33,"column":2},"end":{"line":33,"column":15}},"8":{"start":{"line":34,"column":2},"end":{"line":34,"column":21}},"9":{"start":{"line":40,"column":2},"end":{"line":40,"column":15}},"10":{"start":{"line":41,"column":2},"end":{"line":41,"column":24}}},"fnMap":{"0":{"name":"(anonymous_0)","decl":{"start":{"line":4,"column":1},"end":{"line":4,"column":2}},"loc":{"start":{"line":4,"column":20},"end":{"line":7,"column":2}},"line":4},"1":{"name":"(anonymous_1)","decl":{"start":{"line":9,"column":12},"end":{"line":9,"column":13}},"loc":{"start":{"line":9,"column":18},"end":{"line":13,"column":2}},"line":9},"2":{"name":"(anonymous_2)","decl":{"start":{"line":15,"column":1},"end":{"line":15,"column":2}},"loc":{"start":{"line":15,"column":10},"end":{"line":21,"column":2}},"line":15},"3":{"name":"(anonymous_3)","decl":{"start":{"line":25,"column":1},"end":{"line":25,"column":2}},"loc":{"start":{"line":25,"column":20},"end":{"line":28,"column":2}},"line":25},"4":{"name":"(anonymous_4)","decl":{"start":{"line":32,"column":1},"end":{"line":32,"column":2}},"loc":{"start":{"line":32,"column":20},"end":{"line":35,"column":2}},"line":32},"5":{"name":"(anonymous_5)","decl":{"start":{"line":39,"column":1},"end":{"line":39,"column":2}},"loc":{"start":{"line":39,"column":20},"end":{"line":42,"column":2}},"line":39}},"branchMap":{},"s":{"0":6,"1":6,"2":6,"3":13,"4":13,"5":0,"6":0,"7":6,"8":6,"9":0,"10":0},"f":{"0":6,"1":13,"2":13,"3":0,"4":6,"5":0},"b":{},"_coverageSchema":"1a1c01bbd47fc00a2c39e90264f33305004495a9","hash":"3ac7d7e9206408a12df3dd13b9f4dcbd9b11830f"}
,"/Users/tanimaraes/Documents/Projects/career-foundry/41-test-driven-dev/meet-app/meet/src/App.js": {"path":"/Users/tanimaraes/Documents/Projects/career-foundry/41-test-driven-dev/meet-app/meet/src/App.js","statementMap":{"0":{"start":{"line":10,"column":9},"end":{"line":15,"column":2}},"1":{"start":{"line":17,"column":16},"end":{"line":44,"column":2}},"2":{"start":{"line":18,"column":46},"end":{"line":18,"column":56}},"3":{"start":{"line":19,"column":2},"end":{"line":43,"column":3}},"4":{"start":{"line":20,"column":3},"end":{"line":30,"column":6}},"5":{"start":{"line":22,"column":5},"end":{"line":24,"column":61}},"6":{"start":{"line":24,"column":33},"end":{"line":24,"column":60}},"7":{"start":{"line":25,"column":27},"end":{"line":25,"column":66}},"8":{"start":{"line":26,"column":4},"end":{"line":29,"column":7}},"9":{"start":{"line":32,"column":3},"end":{"line":42,"column":6}},"10":{"start":{"line":34,"column":5},"end":{"line":36,"column":68}},"11":{"start":{"line":36,"column":33},"end":{"line":36,"column":67}},"12":{"start":{"line":37,"column":27},"end":{"line":37,"column":62}},"13":{"start":{"line":38,"column":4},"end":{"line":41,"column":7}},"14":{"start":{"line":47,"column":2},"end":{"line":47,"column":22}},"15":{"start":{"line":48,"column":2},"end":{"line":52,"column":5}},"16":{"start":{"line":49,"column":3},"end":{"line":51,"column":4}},"17":{"start":{"line":50,"column":4},"end":{"line":50,"column":75}},"18":{"start":{"line":55,"column":2},"end":{"line":55,"column":23}},"19":{"start":{"line":59,"column":2},"end":{"line":74,"column":4}}},"fnMap":{"0":{"name":"(anonymous_0)","decl":{"start":{"line":17,"column":16},"end":{"line":17,"column":17}},"loc":{"start":{"line":17,"column":42},"end":{"line":44,"column":2}},"line":17},"1":{"name":"(anonymous_1)","decl":{"start":{"line":20,"column":20},"end":{"line":20,"column":21}},"loc":{"start":{"line":20,"column":32},"end":{"line":30,"column":4}},"line":20},"2":{"name":"(anonymous_2)","decl":{"start":{"line":24,"column":22},"end":{"line":24,"column":23}},"loc":{"start":{"line":24,"column":33},"end":{"line":24,"column":60}},"line":24},"3":{"name":"(anonymous_3)","decl":{"start":{"line":32,"column":20},"end":{"line":32,"column":21}},"loc":{"start":{"line":32,"column":32},"end":{"line":42,"column":4}},"line":32},"4":{"name":"(anonymous_4)","decl":{"start":{"line":36,"column":22},"end":{"line":36,"column":23}},"loc":{"start":{"line":36,"column":33},"end":{"line":36,"column":67}},"line":36},"5":{"name":"(anonymous_5)","decl":{"start":{"line":46,"column":1},"end":{"line":46,"column":2}},"loc":{"start":{"line":46,"column":21},"end":{"line":53,"column":2}},"line":46},"6":{"name":"(anonymous_6)","decl":{"start":{"line":48,"column":19},"end":{"line":48,"column":20}},"loc":{"start":{"line":48,"column":31},"end":{"line":52,"column":3}},"line":48},"7":{"name":"(anonymous_7)","decl":{"start":{"line":54,"column":1},"end":{"line":54,"column":2}},"loc":{"start":{"line":54,"column":24},"end":{"line":56,"column":2}},"line":54},"8":{"name":"(anonymous_8)","decl":{"start":{"line":58,"column":1},"end":{"line":58,"column":2}},"loc":{"start":{"line":58,"column":10},"end":{"line":75,"column":2}},"line":58}},"branchMap":{"0":{"loc":{"start":{"line":19,"column":2},"end":{"line":43,"column":3}},"type":"if","locations":[{"start":{"line":19,"column":2},"end":{"line":43,"column":3}},{"start":{"line":19,"column":2},"end":{"line":43,"column":3}}],"line":19},"1":{"loc":{"start":{"line":22,"column":5},"end":{"line":24,"column":61}},"type":"cond-expr","locations":[{"start":{"line":23,"column":8},"end":{"line":23,"column":14}},{"start":{"line":24,"column":8},"end":{"line":24,"column":61}}],"line":22},"2":{"loc":{"start":{"line":34,"column":5},"end":{"line":36,"column":68}},"type":"cond-expr","locations":[{"start":{"line":35,"column":8},"end":{"line":35,"column":14}},{"start":{"line":36,"column":8},"end":{"line":36,"column":68}}],"line":34},"3":{"loc":{"start":{"line":49,"column":3},"end":{"line":51,"column":4}},"type":"if","locations":[{"start":{"line":49,"column":3},"end":{"line":51,"column":4}},{"start":{"line":49,"column":3},"end":{"line":51,"column":4}}],"line":49}},"s":{"0":7,"1":7,"2":2,"3":2,"4":2,"5":2,"6":2,"7":2,"8":2,"9":0,"10":0,"11":0,"12":0,"13":0,"14":7,"15":7,"16":7,"17":3,"18":6,"19":13},"f":{"0":2,"1":2,"2":2,"3":0,"4":0,"5":7,"6":7,"7":6,"8":13},"b":{"0":[2,0],"1":[1,1],"2":[0,0],"3":[3,4]},"_coverageSchema":"1a1c01bbd47fc00a2c39e90264f33305004495a9","hash":"b12dcb801d0d461ddbbc476e3c9d2107d5bc4c7c"}
,"/Users/tanimaraes/Documents/Projects/career-foundry/41-test-driven-dev/meet-app/meet/src/CitySearch.js": {"path":"/Users/tanimaraes/Documents/Projects/career-foundry/41-test-driven-dev/meet-app/meet/src/CitySearch.js","statementMap":{"0":{"start":{"line":5,"column":2},"end":{"line":5,"column":10}},"1":{"start":{"line":7,"column":2},"end":{"line":11,"column":4}},"2":{"start":{"line":14,"column":22},"end":{"line":20,"column":2}},"3":{"start":{"line":15,"column":16},"end":{"line":15,"column":34}},"4":{"start":{"line":16,"column":22},"end":{"line":18,"column":4}},"5":{"start":{"line":17,"column":3},"end":{"line":17,"column":67}},"6":{"start":{"line":19,"column":2},"end":{"line":19,"column":47}},"7":{"start":{"line":22,"column":21},"end":{"line":28,"column":2}},"8":{"start":{"line":23,"column":2},"end":{"line":26,"column":5}},"9":{"start":{"line":27,"column":2},"end":{"line":27,"column":38}},"10":{"start":{"line":31,"column":2},"end":{"line":59,"column":4}},"11":{"start":{"line":39,"column":6},"end":{"line":39,"column":47}},"12":{"start":{"line":47,"column":6},"end":{"line":52,"column":11}},"13":{"start":{"line":49,"column":22},"end":{"line":49,"column":56}},"14":{"start":{"line":54,"column":24},"end":{"line":54,"column":53}}},"fnMap":{"0":{"name":"(anonymous_0)","decl":{"start":{"line":4,"column":1},"end":{"line":4,"column":2}},"loc":{"start":{"line":4,"column":15},"end":{"line":12,"column":2}},"line":4},"1":{"name":"(anonymous_1)","decl":{"start":{"line":14,"column":22},"end":{"line":14,"column":23}},"loc":{"start":{"line":14,"column":33},"end":{"line":20,"column":2}},"line":14},"2":{"name":"(anonymous_2)","decl":{"start":{"line":16,"column":50},"end":{"line":16,"column":51}},"loc":{"start":{"line":16,"column":64},"end":{"line":18,"column":3}},"line":16},"3":{"name":"(anonymous_3)","decl":{"start":{"line":22,"column":21},"end":{"line":22,"column":22}},"loc":{"start":{"line":22,"column":37},"end":{"line":28,"column":2}},"line":22},"4":{"name":"(anonymous_4)","decl":{"start":{"line":30,"column":1},"end":{"line":30,"column":2}},"loc":{"start":{"line":30,"column":10},"end":{"line":60,"column":2}},"line":30},"5":{"name":"(anonymous_5)","decl":{"start":{"line":38,"column":14},"end":{"line":38,"column":15}},"loc":{"start":{"line":38,"column":20},"end":{"line":40,"column":6}},"line":38},"6":{"name":"(anonymous_6)","decl":{"start":{"line":46,"column":33},"end":{"line":46,"column":34}},"loc":{"start":{"line":47,"column":6},"end":{"line":52,"column":11}},"line":47},"7":{"name":"(anonymous_7)","decl":{"start":{"line":49,"column":16},"end":{"line":49,"column":17}},"loc":{"start":{"line":49,"column":22},"end":{"line":49,"column":56}},"line":49},"8":{"name":"(anonymous_8)","decl":{"start":{"line":54,"column":18},"end":{"line":54,"column":19}},"loc":{"start":{"line":54,"column":24},"end":{"line":54,"column":53}},"line":54}},"branchMap":{"0":{"loc":{"start":{"line":44,"column":12},"end":{"line":44,"column":65}},"type":"cond-expr","locations":[{"start":{"line":44,"column":41},"end":{"line":44,"column":43}},{"start":{"line":44,"column":46},"end":{"line":44,"column":65}}],"line":44}},"s":{"0":7,"1":7,"2":7,"3":2,"4":2,"5":4,"6":2,"7":7,"8":4,"9":4,"10":27,"11":2,"12":21,"13":2,"14":1},"f":{"0":7,"1":2,"2":4,"3":4,"4":27,"5":2,"6":21,"7":2,"8":1},"b":{"0":[2,25]},"_coverageSchema":"1a1c01bbd47fc00a2c39e90264f33305004495a9","hash":"d584e0552d9c2cfed7b9e2c2b509b4c5a412e80d"}
,"/Users/tanimaraes/Documents/Projects/career-foundry/41-test-driven-dev/meet-app/meet/src/Event.js": {"path":"/Users/tanimaraes/Documents/Projects/career-foundry/41-test-driven-dev/meet-app/meet/src/Event.js","statementMap":{"0":{"start":{"line":4,"column":9},"end":{"line":7,"column":2}},"1":{"start":{"line":9,"column":21},"end":{"line":15,"column":2}},"2":{"start":{"line":10,"column":2},"end":{"line":14,"column":3}},"3":{"start":{"line":11,"column":3},"end":{"line":11,"column":41}},"4":{"start":{"line":13,"column":3},"end":{"line":13,"column":40}},"5":{"start":{"line":18,"column":61},"end":{"line":18,"column":77}},"6":{"start":{"line":20,"column":2},"end":{"line":43,"column":4}},"7":{"start":{"line":38,"column":20},"end":{"line":38,"column":44}}},"fnMap":{"0":{"name":"(anonymous_0)","decl":{"start":{"line":9,"column":21},"end":{"line":9,"column":22}},"loc":{"start":{"line":9,"column":27},"end":{"line":15,"column":2}},"line":9},"1":{"name":"(anonymous_1)","decl":{"start":{"line":17,"column":1},"end":{"line":17,"column":2}},"loc":{"start":{"line":17,"column":10},"end":{"line":44,"column":2}},"line":17},"2":{"name":"(anonymous_2)","decl":{"start":{"line":38,"column":14},"end":{"line":38,"column":15}},"loc":{"start":{"line":38,"column":20},"end":{"line":38,"column":44}},"line":38}},"branchMap":{"0":{"loc":{"start":{"line":10,"column":2},"end":{"line":14,"column":3}},"type":"if","locations":[{"start":{"line":10,"column":2},"end":{"line":14,"column":3}},{"start":{"line":10,"column":2},"end":{"line":14,"column":3}}],"line":10},"1":{"loc":{"start":{"line":26,"column":5},"end":{"line":34,"column":5}},"type":"binary-expr","locations":[{"start":{"line":26,"column":5},"end":{"line":26,"column":27}},{"start":{"line":27,"column":5},"end":{"line":33,"column":11}}],"line":26},"2":{"loc":{"start":{"line":40,"column":6},"end":{"line":40,"column":63}},"type":"cond-expr","locations":[{"start":{"line":40,"column":32},"end":{"line":40,"column":46}},{"start":{"line":40,"column":49},"end":{"line":40,"column":63}}],"line":40}},"s":{"0":5,"1":5,"2":2,"3":1,"4":1,"5":12,"6":12,"7":2},"f":{"0":2,"1":12,"2":2},"b":{"0":[1,1],"1":[12,2],"2":[10,2]},"_coverageSchema":"1a1c01bbd47fc00a2c39e90264f33305004495a9","hash":"02d70d48234e039ad45803b878eb5ad3af74f499"}
,"/Users/tanimaraes/Documents/Projects/career-foundry/41-test-driven-dev/meet-app/meet/src/EventList.js": {"path":"/Users/tanimaraes/Documents/Projects/career-foundry/41-test-driven-dev/meet-app/meet/src/EventList.js","statementMap":{"0":{"start":{"line":6,"column":21},"end":{"line":6,"column":31}},"1":{"start":{"line":7,"column":2},"end":{"line":15,"column":4}},"2":{"start":{"line":10,"column":5},"end":{"line":12,"column":10}}},"fnMap":{"0":{"name":"(anonymous_0)","decl":{"start":{"line":5,"column":1},"end":{"line":5,"column":2}},"loc":{"start":{"line":5,"column":10},"end":{"line":16,"column":2}},"line":5},"1":{"name":"(anonymous_1)","decl":{"start":{"line":9,"column":16},"end":{"line":9,"column":17}},"loc":{"start":{"line":10,"column":5},"end":{"line":12,"column":10}},"line":10}},"branchMap":{},"s":{"0":12,"1":12,"2":9},"f":{"0":12,"1":9},"b":{},"_coverageSchema":"1a1c01bbd47fc00a2c39e90264f33305004495a9","hash":"95f7498a08f8ec7765801026440162e927f434f5"}
,"/Users/tanimaraes/Documents/Projects/career-foundry/41-test-driven-dev/meet-app/meet/src/NumberOfEvents.js": {"path":"/Users/tanimaraes/Documents/Projects/career-foundry/41-test-driven-dev/meet-app/meet/src/NumberOfEvents.js","statementMap":{"0":{"start":{"line":5,"column":9},"end":{"line":7,"column":2}},"1":{"start":{"line":9,"column":21},"end":{"line":24,"column":2}},"2":{"start":{"line":10,"column":16},"end":{"line":10,"column":34}},"3":{"start":{"line":11,"column":2},"end":{"line":11,"column":39}},"4":{"start":{"line":12,"column":2},"end":{"line":14,"column":5}},"5":{"start":{"line":15,"column":2},"end":{"line":23,"column":3}},"6":{"start":{"line":16,"column":3},"end":{"line":18,"column":6}},"7":{"start":{"line":20,"column":3},"end":{"line":22,"column":6}},"8":{"start":{"line":27,"column":29},"end":{"line":27,"column":39}},"9":{"start":{"line":28,"column":2},"end":{"line":40,"column":4}}},"fnMap":{"0":{"name":"(anonymous_0)","decl":{"start":{"line":9,"column":21},"end":{"line":9,"column":22}},"loc":{"start":{"line":9,"column":32},"end":{"line":24,"column":2}},"line":9},"1":{"name":"(anonymous_1)","decl":{"start":{"line":26,"column":1},"end":{"line":26,"column":2}},"loc":{"start":{"line":26,"column":10},"end":{"line":41,"column":2}},"line":26}},"branchMap":{"0":{"loc":{"start":{"line":15,"column":2},"end":{"line":23,"column":3}},"type":"if","locations":[{"start":{"line":15,"column":2},"end":{"line":23,"column":3}},{"start":{"line":15,"column":2},"end":{"line":23,"column":3}}],"line":15},"1":{"loc":{"start":{"line":15,"column":6},"end":{"line":15,"column":29}},"type":"binary-expr","locations":[{"start":{"line":15,"column":6},"end":{"line":15,"column":15}},{"start":{"line":15,"column":19},"end":{"line":15,"column":29}}],"line":15}},"s":{"0":7,"1":7,"2":2,"3":2,"4":2,"5":2,"6":0,"7":2,"8":17,"9":17},"f":{"0":2,"1":17},"b":{"0":[0,2],"1":[2,2]},"_coverageSchema":"1a1c01bbd47fc00a2c39e90264f33305004495a9","hash":"39d7f387b5dee568a2a65a123a5e76fbb9fa6a05"}
,"/Users/tanimaraes/Documents/Projects/career-foundry/41-test-driven-dev/meet-app/meet/src/api.js": {"path":"/Users/tanimaraes/Documents/Projects/career-foundry/41-test-driven-dev/meet-app/meet/src/api.js","statementMap":{"0":{"start":{"line":13,"column":32},"end":{"line":17,"column":1}},"1":{"start":{"line":14,"column":24},"end":{"line":14,"column":61}},"2":{"start":{"line":14,"column":46},"end":{"line":14,"column":60}},"3":{"start":{"line":15,"column":17},"end":{"line":15,"column":47}},"4":{"start":{"line":16,"column":1},"end":{"line":16,"column":18}},"5":{"start":{"line":19,"column":29},"end":{"line":23,"column":1}},"6":{"start":{"line":20,"column":21},"end":{"line":20,"column":49}},"7":{"start":{"line":20,"column":43},"end":{"line":20,"column":48}},"8":{"start":{"line":21,"column":16},"end":{"line":21,"column":43}},"9":{"start":{"line":22,"column":1},"end":{"line":22,"column":17}},"10":{"start":{"line":25,"column":19},"end":{"line":33,"column":1}},"11":{"start":{"line":26,"column":16},"end":{"line":30,"column":33}},"12":{"start":{"line":29,"column":17},"end":{"line":29,"column":27}},"13":{"start":{"line":30,"column":20},"end":{"line":30,"column":32}},"14":{"start":{"line":32,"column":1},"end":{"line":32,"column":15}},"15":{"start":{"line":35,"column":25},"end":{"line":60,"column":1}},"16":{"start":{"line":36,"column":1},"end":{"line":36,"column":19}},"17":{"start":{"line":38,"column":1},"end":{"line":41,"column":2}},"18":{"start":{"line":39,"column":2},"end":{"line":39,"column":19}},"19":{"start":{"line":40,"column":2},"end":{"line":40,"column":18}},"20":{"start":{"line":43,"column":15},"end":{"line":43,"column":37}},"21":{"start":{"line":45,"column":1},"end":{"line":59,"column":2}},"22":{"start":{"line":46,"column":2},"end":{"line":46,"column":16}},"23":{"start":{"line":48,"column":3},"end":{"line":50,"column":8}},"24":{"start":{"line":51,"column":17},"end":{"line":51,"column":37}},"25":{"start":{"line":52,"column":2},"end":{"line":56,"column":3}},"26":{"start":{"line":53,"column":19},"end":{"line":53,"column":55}},"27":{"start":{"line":54,"column":3},"end":{"line":54,"column":67}},"28":{"start":{"line":55,"column":3},"end":{"line":55,"column":64}},"29":{"start":{"line":57,"column":2},"end":{"line":57,"column":19}},"30":{"start":{"line":58,"column":2},"end":{"line":58,"column":28}},"31":{"start":{"line":62,"column":30},"end":{"line":80,"column":1}},"32":{"start":{"line":63,"column":21},"end":{"line":63,"column":57}},"33":{"start":{"line":64,"column":20},"end":{"line":64,"column":66}},"34":{"start":{"line":66,"column":1},"end":{"line":78,"column":2}},"35":{"start":{"line":67,"column":2},"end":{"line":67,"column":48}},"36":{"start":{"line":68,"column":23},"end":{"line":68,"column":66}},"37":{"start":{"line":69,"column":15},"end":{"line":69,"column":45}},"38":{"start":{"line":70,"column":2},"end":{"line":76,"column":3}},"39":{"start":{"line":71,"column":19},"end":{"line":73,"column":4}},"40":{"start":{"line":74,"column":23},"end":{"line":74,"column":35}},"41":{"start":{"line":75,"column":3},"end":{"line":75,"column":43}},"42":{"start":{"line":77,"column":2},"end":{"line":77,"column":32}},"43":{"start":{"line":79,"column":1},"end":{"line":79,"column":20}},"44":{"start":{"line":82,"column":20},"end":{"line":94,"column":1}},"45":{"start":{"line":83,"column":1},"end":{"line":93,"column":2}},"46":{"start":{"line":85,"column":3},"end":{"line":88,"column":27}},"47":{"start":{"line":89,"column":2},"end":{"line":89,"column":43}},"48":{"start":{"line":91,"column":2},"end":{"line":91,"column":66}},"49":{"start":{"line":92,"column":2},"end":{"line":92,"column":43}},"50":{"start":{"line":96,"column":17},"end":{"line":111,"column":1}},"51":{"start":{"line":97,"column":20},"end":{"line":97,"column":44}},"52":{"start":{"line":98,"column":26},"end":{"line":106,"column":26}},"53":{"start":{"line":104,"column":3},"end":{"line":104,"column":21}},"54":{"start":{"line":106,"column":20},"end":{"line":106,"column":25}},"55":{"start":{"line":108,"column":1},"end":{"line":108,"column":68}},"56":{"start":{"line":110,"column":1},"end":{"line":110,"column":21}}},"fnMap":{"0":{"name":"(anonymous_0)","decl":{"start":{"line":13,"column":32},"end":{"line":13,"column":33}},"loc":{"start":{"line":13,"column":44},"end":{"line":17,"column":1}},"line":13},"1":{"name":"(anonymous_1)","decl":{"start":{"line":14,"column":35},"end":{"line":14,"column":36}},"loc":{"start":{"line":14,"column":46},"end":{"line":14,"column":60}},"line":14},"2":{"name":"(anonymous_2)","decl":{"start":{"line":19,"column":29},"end":{"line":19,"column":30}},"loc":{"start":{"line":19,"column":41},"end":{"line":23,"column":1}},"line":19},"3":{"name":"(anonymous_3)","decl":{"start":{"line":20,"column":32},"end":{"line":20,"column":33}},"loc":{"start":{"line":20,"column":43},"end":{"line":20,"column":48}},"line":20},"4":{"name":"(anonymous_4)","decl":{"start":{"line":25,"column":19},"end":{"line":25,"column":20}},"loc":{"start":{"line":25,"column":42},"end":{"line":33,"column":1}},"line":25},"5":{"name":"(anonymous_5)","decl":{"start":{"line":29,"column":8},"end":{"line":29,"column":9}},"loc":{"start":{"line":29,"column":17},"end":{"line":29,"column":27}},"line":29},"6":{"name":"(anonymous_6)","decl":{"start":{"line":30,"column":9},"end":{"line":30,"column":10}},"loc":{"start":{"line":30,"column":20},"end":{"line":30,"column":32}},"line":30},"7":{"name":"(anonymous_7)","decl":{"start":{"line":35,"column":25},"end":{"line":35,"column":26}},"loc":{"start":{"line":35,"column":37},"end":{"line":60,"column":1}},"line":35},"8":{"name":"(anonymous_8)","decl":{"start":{"line":62,"column":30},"end":{"line":62,"column":31}},"loc":{"start":{"line":62,"column":42},"end":{"line":80,"column":1}},"line":62},"9":{"name":"(anonymous_9)","decl":{"start":{"line":82,"column":20},"end":{"line":82,"column":21}},"loc":{"start":{"line":82,"column":26},"end":{"line":94,"column":1}},"line":82},"10":{"name":"(anonymous_10)","decl":{"start":{"line":96,"column":17},"end":{"line":96,"column":18}},"loc":{"start":{"line":96,"column":33},"end":{"line":111,"column":1}},"line":96},"11":{"name":"(anonymous_11)","decl":{"start":{"line":103,"column":8},"end":{"line":103,"column":9}},"loc":{"start":{"line":103,"column":17},"end":{"line":105,"column":3}},"line":103},"12":{"name":"(anonymous_12)","decl":{"start":{"line":106,"column":9},"end":{"line":106,"column":10}},"loc":{"start":{"line":106,"column":20},"end":{"line":106,"column":25}},"line":106}},"branchMap":{"0":{"loc":{"start":{"line":38,"column":1},"end":{"line":41,"column":2}},"type":"if","locations":[{"start":{"line":38,"column":1},"end":{"line":41,"column":2}},{"start":{"line":38,"column":1},"end":{"line":41,"column":2}}],"line":38},"1":{"loc":{"start":{"line":45,"column":1},"end":{"line":59,"column":2}},"type":"if","locations":[{"start":{"line":45,"column":1},"end":{"line":59,"column":2}},{"start":{"line":45,"column":1},"end":{"line":59,"column":2}}],"line":45},"2":{"loc":{"start":{"line":52,"column":2},"end":{"line":56,"column":3}},"type":"if","locations":[{"start":{"line":52,"column":2},"end":{"line":56,"column":3}},{"start":{"line":52,"column":2},"end":{"line":56,"column":3}}],"line":52},"3":{"loc":{"start":{"line":64,"column":20},"end":{"line":64,"column":66}},"type":"binary-expr","locations":[{"start":{"line":64,"column":20},"end":{"line":64,"column":31}},{"start":{"line":64,"column":36},"end":{"line":64,"column":65}}],"line":64},"4":{"loc":{"start":{"line":66,"column":1},"end":{"line":78,"column":2}},"type":"if","locations":[{"start":{"line":66,"column":1},"end":{"line":78,"column":2}},{"start":{"line":66,"column":1},"end":{"line":78,"column":2}}],"line":66},"5":{"loc":{"start":{"line":66,"column":5},"end":{"line":66,"column":37}},"type":"binary-expr","locations":[{"start":{"line":66,"column":5},"end":{"line":66,"column":17}},{"start":{"line":66,"column":21},"end":{"line":66,"column":37}}],"line":66},"6":{"loc":{"start":{"line":70,"column":2},"end":{"line":76,"column":3}},"type":"if","locations":[{"start":{"line":70,"column":2},"end":{"line":76,"column":3}},{"start":{"line":70,"column":2},"end":{"line":76,"column":3}}],"line":70},"7":{"loc":{"start":{"line":77,"column":9},"end":{"line":77,"column":31}},"type":"binary-expr","locations":[{"start":{"line":77,"column":9},"end":{"line":77,"column":13}},{"start":{"line":77,"column":17},"end":{"line":77,"column":31}}],"line":77},"8":{"loc":{"start":{"line":83,"column":1},"end":{"line":93,"column":2}},"type":"if","locations":[{"start":{"line":83,"column":1},"end":{"line":93,"column":2}},{"start":{"line":83,"column":1},"end":{"line":93,"column":2}}],"line":83},"9":{"loc":{"start":{"line":83,"column":5},"end":{"line":83,"column":57}},"type":"binary-expr","locations":[{"start":{"line":83,"column":5},"end":{"line":83,"column":29}},{"start":{"line":83,"column":33},"end":{"line":83,"column":57}}],"line":83},"10":{"loc":{"start":{"line":108,"column":1},"end":{"line":108,"column":67}},"type":"binary-expr","locations":[{"start":{"line":108,"column":1},"end":{"line":108,"column":13}},{"start":{"line":108,"column":17},"end":{"line":108,"column":67}}],"line":108}},"s":{"0":3,"1":6,"2":12,"3":6,"4":6,"5":3,"6":1,"7":2,"8":1,"9":1,"10":3,"11":0,"12":0,"13":0,"14":0,"15":3,"16":11,"17":11,"18":11,"19":11,"20":0,"21":0,"22":0,"23":0,"24":0,"25":0,"26":0,"27":0,"28":0,"29":0,"30":0,"31":3,"32":0,"33":0,"34":0,"35":0,"36":0,"37":0,"38":0,"39":0,"40":0,"41":0,"42":0,"43":0,"44":3,"45":0,"46":0,"47":0,"48":0,"49":0,"50":3,"51":0,"52":0,"53":0,"54":0,"55":0,"56":0},"f":{"0":6,"1":12,"2":1,"3":2,"4":0,"5":0,"6":0,"7":11,"8":0,"9":0,"10":0,"11":0,"12":0},"b":{"0":[11,0],"1":[0,0],"2":[0,0],"3":[0,0],"4":[0,0],"5":[0,0],"6":[0,0],"7":[0,0],"8":[0,0],"9":[0,0],"10":[0,0]},"_coverageSchema":"1a1c01bbd47fc00a2c39e90264f33305004495a9","hash":"32e3fc45db16294b25a46bb1684c765aeac4ecdf"}
,"/Users/tanimaraes/Documents/Projects/career-foundry/41-test-driven-dev/meet-app/meet/src/mock-data.js": {"path":"/Users/tanimaraes/Documents/Projects/career-foundry/41-test-driven-dev/meet-app/meet/src/mock-data.js","statementMap":{"0":{"start":{"line":1,"column":17},"end":{"line":84,"column":1}},"1":{"start":{"line":85,"column":18},"end":{"line":168,"column":1}}},"fnMap":{},"branchMap":{},"s":{"0":4,"1":4},"f":{},"b":{},"_coverageSchema":"1a1c01bbd47fc00a2c39e90264f33305004495a9","hash":"d139c9e26dcbb33338a65b5b0507b21911101641"}
}
