TN:
SF:src/Alert.js
FN:4,(anonymous_0)
FN:9,(anonymous_1)
FN:15,(anonymous_2)
FN:25,(anonymous_3)
FN:32,(anonymous_4)
FN:39,(anonymous_5)
FNF:6
FNH:4
FNDA:6,(anonymous_0)
FNDA:13,(anonymous_1)
FNDA:13,(anonymous_2)
FNDA:0,(anonymous_3)
FNDA:6,(anonymous_4)
FNDA:0,(anonymous_5)
DA:5,6
DA:6,6
DA:9,6
DA:10,13
DA:16,13
DA:26,0
DA:27,0
DA:33,6
DA:34,6
DA:40,0
DA:41,0
LF:11
LH:7
BRF:0
BRH:0
end_of_record
TN:
SF:src/App.js
FN:17,(anonymous_0)
FN:20,(anonymous_1)
FN:24,(anonymous_2)
FN:32,(anonymous_3)
FN:36,(anonymous_4)
FN:46,(anonymous_5)
FN:48,(anonymous_6)
FN:54,(anonymous_7)
FN:58,(anonymous_8)
FNF:9
FNH:7
FNDA:2,(anonymous_0)
FNDA:2,(anonymous_1)
FNDA:2,(anonymous_2)
FNDA:0,(anonymous_3)
FNDA:0,(anonymous_4)
FNDA:7,(anonymous_5)
FNDA:7,(anonymous_6)
FNDA:6,(anonymous_7)
FNDA:13,(anonymous_8)
DA:10,7
DA:17,7
DA:18,2
DA:19,2
DA:20,2
DA:22,2
DA:24,2
DA:25,2
DA:26,2
DA:32,0
DA:34,0
DA:36,0
DA:37,0
DA:38,0
DA:47,7
DA:48,7
DA:49,7
DA:50,3
DA:55,6
DA:59,13
LF:20
LH:15
BRDA:19,0,0,2
BRDA:19,0,1,0
BRDA:22,1,0,1
BRDA:22,1,1,1
BRDA:34,2,0,0
BRDA:34,2,1,0
BRDA:49,3,0,3
BRDA:49,3,1,4
BRF:8
BRH:5
end_of_record
TN:
SF:src/CitySearch.js
FN:4,(anonymous_0)
FN:14,(anonymous_1)
FN:16,(anonymous_2)
FN:22,(anonymous_3)
FN:30,(anonymous_4)
FN:38,(anonymous_5)
FN:46,(anonymous_6)
FN:49,(anonymous_7)
FN:54,(anonymous_8)
FNF:9
FNH:9
FNDA:7,(anonymous_0)
FNDA:2,(anonymous_1)
FNDA:4,(anonymous_2)
FNDA:4,(anonymous_3)
FNDA:27,(anonymous_4)
FNDA:2,(anonymous_5)
FNDA:21,(anonymous_6)
FNDA:2,(anonymous_7)
FNDA:1,(anonymous_8)
DA:5,7
DA:7,7
DA:14,7
DA:15,2
DA:16,2
DA:17,4
DA:19,2
DA:22,7
DA:23,4
DA:27,4
DA:31,27
DA:39,2
DA:47,21
DA:49,2
DA:54,1
LF:15
LH:15
BRDA:44,0,0,2
BRDA:44,0,1,25
BRF:2
BRH:2
end_of_record
TN:
SF:src/Event.js
FN:9,(anonymous_0)
FN:17,(anonymous_1)
FN:38,(anonymous_2)
FNF:3
FNH:3
FNDA:2,(anonymous_0)
FNDA:12,(anonymous_1)
FNDA:2,(anonymous_2)
DA:4,5
DA:9,5
DA:10,2
DA:11,1
DA:13,1
DA:18,12
DA:20,12
DA:38,2
LF:8
LH:8
BRDA:10,0,0,1
BRDA:10,0,1,1
BRDA:26,1,0,12
BRDA:26,1,1,2
BRDA:40,2,0,10
BRDA:40,2,1,2
BRF:6
BRH:6
end_of_record
TN:
SF:src/EventList.js
FN:5,(anonymous_0)
FN:9,(anonymous_1)
FNF:2
FNH:2
FNDA:12,(anonymous_0)
FNDA:9,(anonymous_1)
DA:6,12
DA:7,12
DA:10,9
LF:3
LH:3
BRF:0
BRH:0
end_of_record
TN:
SF:src/NumberOfEvents.js
FN:9,(anonymous_0)
FN:26,(anonymous_1)
FNF:2
FNH:2
FNDA:2,(anonymous_0)
FNDA:17,(anonymous_1)
DA:5,7
DA:9,7
DA:10,2
DA:11,2
DA:12,2
DA:15,2
DA:16,0
DA:20,2
DA:27,17
DA:28,17
LF:10
LH:9
BRDA:15,0,0,0
BRDA:15,0,1,2
BRDA:15,1,0,2
BRDA:15,1,1,2
BRF:4
BRH:3
end_of_record
TN:
SF:src/api.js
FN:13,(anonymous_0)
FN:14,(anonymous_1)
FN:19,(anonymous_2)
FN:20,(anonymous_3)
FN:25,(anonymous_4)
FN:29,(anonymous_5)
FN:30,(anonymous_6)
FN:35,(anonymous_7)
FN:62,(anonymous_8)
FN:82,(anonymous_9)
FN:96,(anonymous_10)
FN:103,(anonymous_11)
FN:106,(anonymous_12)
FNF:13
FNH:5
FNDA:6,(anonymous_0)
FNDA:12,(anonymous_1)
FNDA:1,(anonymous_2)
FNDA:2,(anonymous_3)
FNDA:0,(anonymous_4)
FNDA:0,(anonymous_5)
FNDA:0,(anonymous_6)
FNDA:11,(anonymous_7)
FNDA:0,(anonymous_8)
FNDA:0,(anonymous_9)
FNDA:0,(anonymous_10)
FNDA:0,(anonymous_11)
FNDA:0,(anonymous_12)
DA:13,3
DA:14,12
DA:15,6
DA:16,6
DA:19,3
DA:20,2
DA:21,1
DA:22,1
DA:25,3
DA:26,0
DA:29,0
DA:30,0
DA:32,0
DA:35,3
DA:36,11
DA:38,11
DA:39,11
DA:40,11
DA:43,0
DA:45,0
DA:46,0
DA:48,0
DA:51,0
DA:52,0
DA:53,0
DA:54,0
DA:55,0
DA:57,0
DA:58,0
DA:62,3
DA:63,0
DA:64,0
DA:66,0
DA:67,0
DA:68,0
DA:69,0
DA:70,0
DA:71,0
DA:74,0
DA:75,0
DA:77,0
DA:79,0
DA:82,3
DA:83,0
DA:85,0
DA:89,0
DA:91,0
DA:92,0
DA:96,3
DA:97,0
DA:98,0
DA:104,0
DA:106,0
DA:108,0
DA:110,0
LF:55
LH:17
BRDA:38,0,0,11
BRDA:38,0,1,0
BRDA:45,1,0,0
BRDA:45,1,1,0
BRDA:52,2,0,0
BRDA:52,2,1,0
BRDA:64,3,0,0
BRDA:64,3,1,0
BRDA:66,4,0,0
BRDA:66,4,1,0
BRDA:66,5,0,0
BRDA:66,5,1,0
BRDA:70,6,0,0
BRDA:70,6,1,0
BRDA:77,7,0,0
BRDA:77,7,1,0
BRDA:83,8,0,0
BRDA:83,8,1,0
BRDA:83,9,0,0
BRDA:83,9,1,0
BRDA:108,10,0,0
BRDA:108,10,1,0
BRF:22
BRH:1
end_of_record
TN:
SF:src/mock-data.js
FNF:0
FNH:0
DA:1,4
DA:85,4
LF:2
LH:2
BRF:0
BRH:0
end_of_record
